{
  message: 'Database connection successfully',
  level: 'info',
  timestamp: '2023-06-24T14:06:33.501Z',
  label: 'PH'
}
{
  message: 'Application app listening on port 5000',
  level: 'info',
  timestamp: '2023-06-24T14:06:33.517Z',
  label: 'PH'
}
{
  message: 'Database connection successfully',
  level: 'info',
  timestamp: '2023-06-24T14:06:58.626Z',
  label: 'PH'
}
{
  message: 'Application app listening on port 5000',
  level: 'info',
  timestamp: '2023-06-24T14:06:58.638Z',
  label: 'PH'
}
{
  message: 'Database connection successfully',
  level: 'info',
  timestamp: '2023-06-24T14:07:07.870Z',
  label: 'PH'
}
{
  message: 'Application app listening on port 5000',
  level: 'info',
  timestamp: '2023-06-24T14:07:07.885Z',
  label: 'PH'
}
{
  message: 'Database connection successfully',
  level: 'info',
  timestamp: '2023-06-24T14:08:25.343Z',
  label: 'PH'
}
{
  message: 'Application app listening on port 5000',
  level: 'info',
  timestamp: '2023-06-24T14:08:25.357Z',
  label: 'PH'
}
{
  message: 'Database connection successfully',
  level: 'info',
  timestamp: '2023-06-24T14:08:41.573Z',
  label: 'PH'
}
{
  message: 'Application app listening on port 5000',
  level: 'info',
  timestamp: '2023-06-24T14:08:41.599Z',
  label: 'PH'
}
{
  message: 'Database connection successfully',
  level: 'info',
  timestamp: '2023-06-24T14:08:57.255Z',
  label: 'PH'
}
{
  message: 'Application app listening on port 5000',
  level: 'info',
  timestamp: '2023-06-24T14:08:57.278Z',
  label: 'PH'
}
{
  message: 'Database connection successfully',
  level: 'info',
  timestamp: '2023-06-24T14:09:13.953Z',
  label: 'PH'
}
{
  message: 'Application app listening on port 5000',
  level: 'info',
  timestamp: '2023-06-24T14:09:13.983Z',
  label: 'PH'
}
{
  message: 'Database connection successfully',
  level: 'info',
  timestamp: '2023-06-24T14:09:19.743Z',
  label: 'PH'
}
{
  message: 'Application app listening on port 5000',
  level: 'info',
  timestamp: '2023-06-24T14:09:19.766Z',
  label: 'PH'
}
{
  message: 'Database connection successfully',
  level: 'info',
  timestamp: '2023-06-24T14:09:32.828Z',
  label: 'PH'
}
{
  message: 'Application app listening on port 5000',
  level: 'info',
  timestamp: '2023-06-24T14:09:32.835Z',
  label: 'PH'
}
{
  message: 'Database connection successfully',
  level: 'info',
  timestamp: '2023-06-24T14:09:48.834Z',
  label: 'PH'
}
{
  message: 'Application app listening on port 5000',
  level: 'info',
  timestamp: '2023-06-24T14:09:48.853Z',
  label: 'PH'
}
{
  message: 'Database connection successfully',
  level: 'info',
  timestamp: '2023-06-24T14:10:26.404Z',
  label: 'PH'
}
{
  message: 'Database connection successfully',
  level: 'info',
  timestamp: '2023-06-24T14:10:35.906Z',
  label: 'PH'
}
{
  message: 'Database connection successfully',
  level: 'info',
  timestamp: '2023-06-24T14:10:45.809Z',
  label: 'PH'
}
{
  message: 'Database connection successfully',
  level: 'info',
  timestamp: '2023-06-24T14:11:09.365Z',
  label: 'PH'
}
{
  message: 'Database connection successfully',
  level: 'info',
  timestamp: '2023-06-24T14:14:26.416Z',
  label: 'PH'
}
{
  message: 'Database connection successfully',
  level: 'info',
  timestamp: '2023-06-24T14:15:18.758Z',
  label: 'PH'
}
{
  message: 'Application app listening on port 5000',
  level: 'info',
  timestamp: '2023-06-24T14:15:18.771Z',
  label: 'PH'
}
{
  message: 'Database connection successfully',
  level: 'info',
  timestamp: '2023-06-24T14:15:24.983Z',
  label: 'PH'
}
{
  message: 'Application app listening on port 5000',
  level: 'info',
  timestamp: '2023-06-24T14:15:24.996Z',
  label: 'PH'
}
{
  message: 'Database connection successfully',
  level: 'info',
  timestamp: '2023-06-24T14:15:37.979Z',
  label: 'PH'
}
{
  message: 'Application app listening on port 5000',
  level: 'info',
  timestamp: '2023-06-24T14:15:37.990Z',
  label: 'PH'
}
{
  message: 'Database connection successfully',
  level: 'info',
  timestamp: '2023-06-24T14:15:50.578Z',
  label: 'PH'
}
{
  message: 'Application app listening on port 5000',
  level: 'info',
  timestamp: '2023-06-24T14:15:50.591Z',
  label: 'PH'
}
{
  message: 'Database connection successfully',
  level: 'info',
  timestamp: '2023-06-24T14:15:56.764Z',
  label: 'PH'
}
{
  message: 'Application app listening on port 5000',
  level: 'info',
  timestamp: '2023-06-24T14:15:56.778Z',
  label: 'PH'
}
{
  message: 'Database connection successfully',
  level: 'info',
  timestamp: '2023-06-24T14:16:01.689Z',
  label: 'PH'
}
{
  message: 'Application app listening on port 5000',
  level: 'info',
  timestamp: '2023-06-24T14:16:01.700Z',
  label: 'PH'
}
{
  message: 'Database connection successfully',
  level: 'info',
  timestamp: '2023-06-24T14:17:16.208Z',
  label: 'PH'
}
{
  message: 'Application app listening on port 5000',
  level: 'info',
  timestamp: '2023-06-24T14:17:16.229Z',
  label: 'PH'
}
{
  message: 'Database connection successfully',
  level: 'info',
  timestamp: '2023-06-24T14:17:27.319Z',
  label: 'PH'
}
{
  message: 'Application app listening on port 5000',
  level: 'info',
  timestamp: '2023-06-24T14:17:27.336Z',
  label: 'PH'
}
{
  message: 'Database connection successfully',
  level: 'info',
  timestamp: '2023-06-24T14:26:39.307Z',
  label: 'PH'
}
{
  message: 'Application app listening on port 5000',
  level: 'info',
  timestamp: '2023-06-24T14:26:39.352Z',
  label: 'PH'
}
{
  message: 'Database connection successfully',
  level: 'info',
  timestamp: '2023-06-24T14:26:46.016Z',
  label: 'PH'
}
{
  message: 'Application app listening on port 5000',
  level: 'info',
  timestamp: '2023-06-24T14:26:46.028Z',
  label: 'PH'
}
{
  message: 'Database connection successfully',
  level: 'info',
  timestamp: '2023-06-24T14:27:30.070Z',
  label: 'PH'
}
{
  message: 'Database connection successfully',
  level: 'info',
  timestamp: '2023-06-24T14:27:35.221Z',
  label: 'PH'
}
{
  message: 'Application app listening on port 5000',
  level: 'info',
  timestamp: '2023-06-24T14:27:35.237Z',
  label: 'PH'
}
{
  message: 'Database connection successfully',
  level: 'info',
  timestamp: '2023-06-24T14:30:15.400Z',
  label: 'PH'
}
{
  message: 'Application app listening on port 5000',
  level: 'info',
  timestamp: '2023-06-24T14:30:15.530Z',
  label: 'PH'
}
{
  message: 'Database connection successfully',
  level: 'info',
  timestamp: '2023-06-24T14:41:58.579Z',
  label: 'PH'
}
{
  message: 'Application app listening on port 5000',
  level: 'info',
  timestamp: '2023-06-24T14:41:58.593Z',
  label: 'PH'
}
{
  message: 'Database connection successfully',
  level: 'info',
  timestamp: '2023-06-24T14:42:04.786Z',
  label: 'PH'
}
{
  message: 'Application app listening on port 5000',
  level: 'info',
  timestamp: '2023-06-24T14:42:04.806Z',
  label: 'PH'
}
{
  message: 'Database connection successfully',
  level: 'info',
  timestamp: '2023-06-24T14:42:42.679Z',
  label: 'PH'
}
{
  message: 'Application app listening on port 5000',
  level: 'info',
  timestamp: '2023-06-24T14:42:42.693Z',
  label: 'PH'
}
{
  message: 'Database connection successfully',
  level: 'info',
  timestamp: '2023-06-24T14:42:48.927Z',
  label: 'PH'
}
{
  message: 'Application app listening on port 5000',
  level: 'info',
  timestamp: '2023-06-24T14:42:48.940Z',
  label: 'PH'
}
{
  message: 'Database connection successfully',
  level: 'info',
  timestamp: '2023-06-24T14:45:18.657Z',
  label: 'PH'
}
{
  message: 'Application app listening on port 5000',
  level: 'info',
  timestamp: '2023-06-24T14:45:18.671Z',
  label: 'PH'
}
{
  message: 'Database connection successfully',
  level: 'info',
  timestamp: '2023-06-24T14:45:52.733Z',
  label: 'PH'
}
{
  message: 'Application app listening on port 5000',
  level: 'info',
  timestamp: '2023-06-24T14:45:52.762Z',
  label: 'PH'
}
{
  message: 'Database connection successfully',
  level: 'info',
  timestamp: '2023-06-24T14:46:50.211Z',
  label: 'PH'
}
{
  message: 'Application app listening on port 5000',
  level: 'info',
  timestamp: '2023-06-24T14:46:50.230Z',
  label: 'PH'
}
{
  message: 'Database connection successfully',
  level: 'info',
  timestamp: '2023-06-24T14:47:00.293Z',
  label: 'PH'
}
{
  message: 'Application app listening on port 5000',
  level: 'info',
  timestamp: '2023-06-24T14:47:00.306Z',
  label: 'PH'
}
{
  message: 'Database connection successfully',
  level: 'info',
  timestamp: '2023-06-24T14:47:07.831Z',
  label: 'PH'
}
{
  message: 'Application app listening on port 5000',
  level: 'info',
  timestamp: '2023-06-24T14:47:07.875Z',
  label: 'PH'
}
{
  message: 'Database connection successfully',
  level: 'info',
  timestamp: '2023-06-24T14:47:15.300Z',
  label: 'PH'
}
{
  message: 'Application app listening on port 5000',
  level: 'info',
  timestamp: '2023-06-24T14:47:15.323Z',
  label: 'PH'
}
{
  message: 'Database connection successfully',
  level: 'info',
  timestamp: '2023-06-24T14:48:45.041Z',
  label: 'PH'
}
{
  message: 'Application app listening on port 5000',
  level: 'info',
  timestamp: '2023-06-24T14:48:45.059Z',
  label: 'PH'
}
{
  message: 'Database connection successfully',
  level: 'info',
  timestamp: '2023-06-24T14:49:24.297Z',
  label: 'PH'
}
{
  message: 'Application app listening on port 5000',
  level: 'info',
  timestamp: '2023-06-24T14:49:24.315Z',
  label: 'PH'
}
