{
  message: 'Database connection successfully',
  level: 'info',
  timestamp: '2023-06-24T06:24:48.576Z',
  label: 'PH'
}
{
  message: 'Application app listening on port 5000',
  level: 'info',
  timestamp: '2023-06-24T06:24:48.620Z',
  label: 'PH'
}
{
  message: 'Database connection successfully',
  level: 'info',
  timestamp: '2023-06-24T06:28:39.296Z',
  label: 'PH'
}
{
  message: 'Application app listening on port 5000',
  level: 'info',
  timestamp: '2023-06-24T06:28:39.344Z',
  label: 'PH'
}
{
  message: 'Database connection successfully',
  level: 'info',
  timestamp: '2023-06-24T06:28:51.982Z',
  label: 'PH'
}
{
  message: 'Application app listening on port 5000',
  level: 'info',
  timestamp: '2023-06-24T06:28:52.014Z',
  label: 'PH'
}
{
  message: 'Database connection successfully',
  level: 'info',
  timestamp: '2023-06-24T06:30:37.733Z',
  label: 'PH'
}
{
  message: 'Application app listening on port 5000',
  level: 'info',
  timestamp: '2023-06-24T06:30:37.902Z',
  label: 'PH'
}
{
  message: 'Database connection successfully',
  level: 'info',
  timestamp: '2023-06-24T06:31:24.423Z',
  label: 'PH'
}
{
  message: 'Application app listening on port 5000',
  level: 'info',
  timestamp: '2023-06-24T06:31:24.659Z',
  label: 'PH'
}
{
  message: 'Database connection successfully',
  level: 'info',
  timestamp: '2023-06-24T06:31:36.774Z',
  label: 'PH'
}
{
  message: 'Application app listening on port 5000',
  level: 'info',
  timestamp: '2023-06-24T06:31:36.782Z',
  label: 'PH'
}
{
  message: 'Database connection successfully',
  level: 'info',
  timestamp: '2023-06-24T06:31:42.226Z',
  label: 'PH'
}
{
  message: 'Application app listening on port 5000',
  level: 'info',
  timestamp: '2023-06-24T06:31:42.235Z',
  label: 'PH'
}
{
  message: 'Database connection successfully',
  level: 'info',
  timestamp: '2023-06-24T06:32:42.999Z',
  label: 'PH'
}
{
  message: 'Application app listening on port 5000',
  level: 'info',
  timestamp: '2023-06-24T06:32:43.013Z',
  label: 'PH'
}
{
  message: 'Database connection successfully',
  level: 'info',
  timestamp: '2023-06-24T06:35:52.524Z',
  label: 'PH'
}
{
  message: 'Application app listening on port 5000',
  level: 'info',
  timestamp: '2023-06-24T06:35:52.543Z',
  label: 'PH'
}
{
  message: 'Database connection successfully',
  level: 'info',
  timestamp: '2023-06-24T06:43:21.405Z',
  label: 'PH'
}
{
  message: 'Application app listening on port 5000',
  level: 'info',
  timestamp: '2023-06-24T06:43:21.415Z',
  label: 'PH'
}
