{
  message: 'Database connection successfully',
  level: 'info',
  timestamp: '2023-06-24T03:55:14.000Z',
  label: 'PH'
}
{
  message: 'Application app listening on port 5000',
  level: 'info',
  timestamp: '2023-06-24T03:55:14.023Z',
  label: 'PH'
}
{
  message: 'Database connection successfully',
  level: 'info',
  timestamp: '2023-06-24T03:56:11.826Z',
  label: 'PH'
}
{
  message: 'Application app listening on port 5000',
  level: 'info',
  timestamp: '2023-06-24T03:56:11.846Z',
  label: 'PH'
}
{
  message: 'Database connection successfully',
  level: 'info',
  timestamp: '2023-06-24T03:59:56.008Z',
  label: 'PH'
}
{
  message: 'Application app listening on port 5000',
  level: 'info',
  timestamp: '2023-06-24T03:59:56.019Z',
  label: 'PH'
}
