{
  message: 'Database connection successfully',
  level: 'info',
  timestamp: '2023-06-24T10:02:58.450Z',
  label: 'PH'
}
{
  message: 'Application app listening on port 5000',
  level: 'info',
  timestamp: '2023-06-24T10:02:58.471Z',
  label: 'PH'
}
{
  message: 'Database connection successfully',
  level: 'info',
  timestamp: '2023-06-24T10:03:42.666Z',
  label: 'PH'
}
{
  message: 'Application app listening on port 5000',
  level: 'info',
  timestamp: '2023-06-24T10:03:42.683Z',
  label: 'PH'
}
{
  message: 'Database connection successfully',
  level: 'info',
  timestamp: '2023-06-24T10:04:13.124Z',
  label: 'PH'
}
{
  message: 'Application app listening on port 5000',
  level: 'info',
  timestamp: '2023-06-24T10:04:13.151Z',
  label: 'PH'
}
{
  message: 'Database connection successfully',
  level: 'info',
  timestamp: '2023-06-24T10:04:21.212Z',
  label: 'PH'
}
{
  message: 'Application app listening on port 5000',
  level: 'info',
  timestamp: '2023-06-24T10:04:21.226Z',
  label: 'PH'
}
{
  message: 'Database connection successfully',
  level: 'info',
  timestamp: '2023-06-24T10:05:18.654Z',
  label: 'PH'
}
{
  message: 'Application app listening on port 5000',
  level: 'info',
  timestamp: '2023-06-24T10:05:18.681Z',
  label: 'PH'
}
{
  message: 'Database connection successfully',
  level: 'info',
  timestamp: '2023-06-24T10:06:24.589Z',
  label: 'PH'
}
{
  message: 'Application app listening on port 5000',
  level: 'info',
  timestamp: '2023-06-24T10:06:24.602Z',
  label: 'PH'
}
{
  message: 'Database connection successfully',
  level: 'info',
  timestamp: '2023-06-24T10:06:47.620Z',
  label: 'PH'
}
{
  message: 'Application app listening on port 5000',
  level: 'info',
  timestamp: '2023-06-24T10:06:47.629Z',
  label: 'PH'
}
{
  message: 'Database connection successfully',
  level: 'info',
  timestamp: '2023-06-24T10:12:28.146Z',
  label: 'PH'
}
{
  message: 'Application app listening on port 5000',
  level: 'info',
  timestamp: '2023-06-24T10:12:28.363Z',
  label: 'PH'
}
{
  message: 'Database connection successfully',
  level: 'info',
  timestamp: '2023-06-24T10:13:29.152Z',
  label: 'PH'
}
{
  message: 'Application app listening on port 5000',
  level: 'info',
  timestamp: '2023-06-24T10:13:29.164Z',
  label: 'PH'
}
{
  message: 'Database connection successfully',
  level: 'info',
  timestamp: '2023-06-24T10:14:00.325Z',
  label: 'PH'
}
{
  message: 'Application app listening on port 5000',
  level: 'info',
  timestamp: '2023-06-24T10:14:00.340Z',
  label: 'PH'
}
{
  message: 'Database connection successfully',
  level: 'info',
  timestamp: '2023-06-24T10:14:07.959Z',
  label: 'PH'
}
{
  message: 'Application app listening on port 5000',
  level: 'info',
  timestamp: '2023-06-24T10:14:07.974Z',
  label: 'PH'
}
